\BOOKMARK [0][-]{chapter*.1}{摘要}{}% 1
\BOOKMARK [0][-]{chapter*.2}{ABSTRACT}{}% 2
\BOOKMARK [0][-]{chapter*.3}{目  录}{}% 3
\BOOKMARK [0][-]{chapter*.4}{插图索引}{}% 4
\BOOKMARK [0][-]{chapter*.5}{主要符号对照表}{}% 5
\BOOKMARK [0][-]{chapter.1}{第一章  研究背景}{}% 6
\BOOKMARK [0][-]{chapter.2}{第二章  相关工作}{}% 7
\BOOKMARK [1][-]{section.2.1}{2.1 数据库驱动认知无线电网络}{chapter.2}% 8
\BOOKMARK [1][-]{section.2.2}{2.2 隐私保护}{chapter.2}% 9
\BOOKMARK [1][-]{section.2.3}{2.3 认知无线电网络中的安全与隐私}{chapter.2}% 10
\BOOKMARK [0][-]{chapter.3}{第三章  数据库驱动认知无线电的相关标准}{}% 11
\BOOKMARK [0][-]{chapter.4}{第四章  数据库驱动认知无线电网络中的位置推断攻击与保护}{}% 12
\BOOKMARK [1][-]{section.4.1}{4.1 系统模型}{chapter.4}% 13
\BOOKMARK [1][-]{section.4.2}{4.2 针对静止用户的位置推断攻击}{chapter.4}% 14
\BOOKMARK [2][-]{subsection.4.2.1}{4.2.1 基于受限功率的位置推断攻击}{section.4.2}% 15
\BOOKMARK [2][-]{subsection.4.2.2}{4.2.2 基于频道切换的位置推断攻击}{section.4.2}% 16
\BOOKMARK [2][-]{subsection.4.2.3}{4.2.3 统一的位置推断攻击算法}{section.4.2}% 17
\BOOKMARK [1][-]{section.4.3}{4.3 针对位置推断攻击的解决方案}{chapter.4}% 18
\BOOKMARK [2][-]{subsection.4.3.1}{4.3.1 频谱效益和隐私的度量}{section.4.3}% 19
\BOOKMARK [2][-]{subsection.4.3.2}{4.3.2 隐私保护的频谱查询方案}{section.4.3}% 20
\BOOKMARK [2][-]{subsection.4.3.3}{4.3.3 位置推断攻击与隐私保护的实验验证}{section.4.3}% 21
\BOOKMARK [0][-]{chapter.5}{第五章  数据库驱动认知无线电网络中的轨迹跟踪攻击与保护}{}% 22
\BOOKMARK [1][-]{section.5.1}{5.1 对认知用户轨迹跟踪攻击}{chapter.5}% 23
\BOOKMARK [1][-]{section.5.2}{5.2 轨迹跟踪攻击的解决方案}{chapter.5}% 24
\BOOKMARK [1][-]{section.5.3}{5.3 轨迹跟踪攻击和隐私保护方案验证}{chapter.5}% 25
\BOOKMARK [0][-]{chapter*.6}{全文总结}{}% 26
\BOOKMARK [0][-]{appendix.A}{附录 A  基于私有信息提取的查询盲化方案}{}% 27
\BOOKMARK [0][-]{appendix*.7}{参考文献}{}% 28
\BOOKMARK [0][-]{appendix*.8}{致  谢}{}% 29
\BOOKMARK [0][-]{appendix*.9}{攻读学位期间发表的学术论文目录}{}% 30
\BOOKMARK [0][-]{appendix*.10}{攻读学位期间参与的项目}{}% 31
