This is XeTeX, Version 3.14159265-2.6-0.99991 (TeX Live 2014/W32TeX) (preloaded format=xelatex 2015.1.9)  9 JAN 2015 19:09
entering extended mode
 restricted \write18 enabled.
 %&-line parsing enabled.
**symbol.tex
(./symbol.tex
LaTeX2e <2014/05/01>
Babel <3.9k> and hyphenation patterns for 78 languages loaded.
! Undefined control sequence.
l.10 \chapter
             {主要符号对照表}
The control sequence at the end of the top line
of your error message was never \def'ed. If you have
misspelled it (e.g., `\hobx'), type `I' and the correct
spelling (e.g., `I\hbox'). Otherwise just continue,
and I'll forget about whatever was undefined.


! LaTeX Error: Missing \begin{document}.

See the LaTeX manual or LaTeX Companion for explanation.
Type  H <return>  for immediate help.
 ...                                              
                                                  
l.10 \chapter{主
                 要符号对照表}
You're in trouble here.  Try typing  <return>  to proceed.
If that doesn't work, type  X <return>  to quit.

Missing character: There is no 主 in font nullfont!
Missing character: There is no 要 in font nullfont!
Missing character: There is no 符 in font nullfont!
Missing character: There is no 号 in font nullfont!
Missing character: There is no 对 in font nullfont!
Missing character: There is no 照 in font nullfont!
Missing character: There is no 表 in font nullfont!
LaTeX Font Info:    External font `cmex10' loaded for size
(Font)              <7> on input line 12.
LaTeX Font Info:    External font `cmex10' loaded for size
(Font)              <5> on input line 12.
Missing character: There is no 数 in font nullfont!
Missing character: There is no 据 in font nullfont!
Missing character: There is no 库 in font nullfont!
Missing character: There is no 认 in font nullfont!
Missing character: There is no 知 in font nullfont!
Missing character: There is no 用 in font nullfont!
Missing character: There is no 户 in font nullfont!
Missing character: There is no 主 in font nullfont!
Missing character: There is no 用 in font nullfont!
Missing character: There is no 户 in font nullfont!
Missing character: There is no 频 in font nullfont!
Missing character: There is no 道 in font nullfont!
Missing character: There is no 功 in font nullfont!
Missing character: There is no 率 in font nullfont!
Missing character: There is no 距 in font nullfont!
Missing character: There is no 离 in font nullfont!
Missing character: There is no 概 in font nullfont!
Missing character: There is no 率 in font nullfont!
)
! Emergency stop.
<*> symbol.tex
              
*** (job aborted, no legal \end found)

 
Here is how much of TeX's memory you used:
 5 strings out of 493734
 60 string characters out of 6149469
 53937 words of memory out of 5000000
 3430 multiletter control sequences out of 15000+600000
 3640 words of font info for 14 fonts, out of 8000000 for 9000
 1328 hyphenation exceptions out of 8191
 19i,7n,12p,65b,97s stack positions out of 5000i,500n,10000p,200000b,80000s
No pages of output.
